p/133.jpg 1 0 0 205 157
p/135.jpg 1 0 0 156 127
p/136.jpg 1 0 0 256 196
p/142.jpg 1 0 0 207 159
p/149.jpg 1 0 0 238 185
p/150.jpg 1 0 0 182 140
p/151.jpg 1 0 0 182 163
p/148.jpg 1 0 0 292 345
p/147.jpg 1 0 0 162 148
p/146.jpg 1 0 0 238 183
p/145.jpg 1 0 0 134 120
p/144.jpg 1 0 0 214 226
p/143.jpg 1 0 0 145 116
p/141.jpg 1 0 0 984 648
p/140.jpg 1 0 0 385 287
p/139.jpg 1 0 0 414 369
p/138.jpg 1 0 0 665 536
p/137.jpg 1 0 0 299 220
p/134.jpg 1 0 0 267 226
p/132.jpg 1 0 0 395 306
p/131.jpg 1 0 0 228 188
p/130.jpeg 1 0 0 431 377
p/29.jpeg 1 0 0 431 377
p/129.jpg 1 0 0 242 180
p/128.jpeg 1 0 0 352 223
p/27.jpeg 1 0 0 352 223
p/127.jpg 1 0 0 203 162
p/126.jpg 1 0 0 1579 1219
p/125.jpg 1 0 0 474 400
p/124.jpg 1 0 0 306 248
p/123.jpg 1 0 0 230 227
p/122.jpg 1 0 0 411 398
p/121.jpg 1 0 0 380 309
p/119.jpg 1 0 0 475 331
p/120.jpg 1 0 0 134 117
p/118.jpg 1 0 0 133 118
p/117.jpg 1 0 0 238 178
p/116.jpg 1 0 0 220 138
p/115.jpg 1 0 0 275 222
p/114.jpg 1 0 0 241 230
p/113.jpg 1 0 0 222 192
p/112.jpg 1 0 0 195 187
p/111.jpg 1 0 0 249 180
p/110.jpg 1 0 0 387 277
p/109.jpg 1 0 0 238 171
p/108.jpg 1 0 0 190 149
p/107.jpg 1 0 0 253 196
p/106.jpg 1 0 0 345 277
p/105.jpg 1 0 0 215 151
p/104.jpg 1 0 0 451 333
p/103.jpg 1 0 0 182 126
p/102.jpg 1 0 0 165 170
p/50.JPG 1 0 0 280 182
p/49.JPG 1 0 0 91 97
p/48.JPG 1 0 0 143 102
p/47.JPG 1 0 0 161 110
p/46.JPG 1 0 0 156 133
p/45.JPG 1 0 0 205 164
p/44.JPG 1 0 0 135 104
p/43.JPG 1 0 0 211 146
p/42.JPG 1 0 0 176 133
p/41.JPG 1 0 0 131 95
p/40.JPG 1 0 0 211 168
p/39.JPG 1 0 0 210 163
p/38.JPG 1 0 0 179 147
p/37.JPG 1 0 0 190 119
p/36.JPG 1 0 0 174 149
p/35.JPG 1 0 0 204 165
p/34.JPG 1 0 0 182 121
p/33.JPG 1 0 0 159 108
p/32.JPG 1 0 0 124 88
p/31.JPG 1 0 0 496 428
p/30.JPG 1 0 0 276 207
p/29.JPG 1 0 0 200 165
p/28.JPG 1 0 0 123 86
p/27.JPG 1 0 0 151 137
p/26.JPG 1 0 0 254 191
p/25.JPG 1 0 0 297 223
p/24.JPG 1 0 0 140 104
p/23.JPG 1 0 0 322 270
p/22.JPG 1 0 0 216 209
p/21.JPG 1 0 0 190 193
p/20.JPG 1 0 0 293 225
p/19.JPG 1 0 0 415 292
p/18.JPG 1 0 0 147 118
p/17.JPG 1 0 0 185 153
p/16.JPG 1 0 0 155 107
p/15.JPG 1 0 0 144 104
p/14.JPG 1 0 0 147 149
p/13.JPG 1 0 0 132 117
p/12.JPG 1 0 0 142 105
p/11.JPG 1 0 0 173 184
p/10.JPG 1 0 0 255 191
p/9.JPG 1 0 0 341 329
p/8.JPG 1 0 0 396 295
p/7.JPG 1 0 0 362 334
p/52.jpg 1 0 0 245 166
p/53.jpg 1 0 0 268 205
p/98.jpg 1 0 0 224 175
p/94.jpg 1 0 0 133 129
p/97.jpg 1 0 0 166 128
p/96.jpg 1 0 0 182 136
p/95.jpg 1 0 0 192 144
p/93.jpg 1 0 0 283 211
p/90.jpg 1 0 0 104 104
p/89.jpeg 1 0 0 309 229
p/86.jpg 1 0 0 199 137
p/85.jpg 1 0 0 766 517
p/84.jpg 1 0 0 168 116
p/83.jpg 1 0 0 504 338
p/72.jpg 1 0 0 124 94
p/71.jpg 1 0 0 160 116
p/70.jpg 1 0 0 292 200
p/69.jpg 1 0 0 83 60
p/68.jpg 1 0 0 145 108
p/59.jpg 1 0 0 228 181
p/58.jpg 1 0 0 215 157
p/57.png 1 0 0 155 104
p/56.jpg 1 0 0 533 390
p/55.jpg 1 0 0 151 117
p/54.jpg 1 0 0 477 339
p/51.jpg 1 0 0 279 200
p/82.jpg 1 0 0 100 79
p/81.jpg 1 0 0 85 83
p/80.jpg 1 0 0 393 317
p/79.jpg 1 0 0 1016 781
p/78.jpg 1 0 0 121 103
p/77.jpg 1 0 0 116 86
p/100.jpg 1 0 0 267 181
p/99.jpg 1 0 0 119 87
p/91.jpg 1 0 0 149 105
p/92.jpg 1 0 0 120 102
p/88.jpg 1 0 0 97 71
p/87.jpg 1 0 0 241 203
p/76.jpg 1 0 0 388 274
p/75.jpg 1 0 0 481 382
p/74.jpg 1 0 0 550 441
p/73.jpg 1 0 0 385 303
p/67.jpg 1 0 0 1061 867
p/66.jpg 1 0 0 591 446
p/64.jpg 1 0 0 73 61
p/65.jpg 1 0 0 72 56
p/101.jpg 1 0 0 410 297
p/63.jpg 1 0 0 313 242
p/62.jpg 1 0 0 382 298
p/60.jpg 1 0 0 650 543
p/61.jpg 1 0 0 665 504
p/6.JPG 1 0 0 261 272
p/5.JPG 1 0 0 194 160
p/4.JPG 1 0 0 250 214
p/3.JPG 1 0 0 214 153
p/2.JPG 1 0 0 311 254
p/1.JPG 1 0 0 348 195